Base path: 'C:/Program Files/Unity 2019.2.17f1/Editor/Data', plugins path 'C:/Program Files/Unity 2019.2.17f1/Editor/Data/PlaybackEngines'
Cmd: initializeCompiler
Cmd: preprocess
  insize=3466 outsize=1210 ok=1
Cmd: preprocess
  insize=3508 outsize=1607 ok=1
Cmd: preprocess
  insize=3464 outsize=1257 ok=1
Cmd: preprocess
  insize=10559 outsize=3882 ok=1
Cmd: preprocess
  insize=3478 outsize=2592 ok=1
Cmd: preprocess
  insize=7605 outsize=2406 ok=1
Cmd: preprocess
  insize=7773 outsize=2674 ok=1
Cmd: preprocess
  insize=2307 outsize=1077 ok=1
Cmd: preprocess
  insize=10548 outsize=3873 ok=1
Cmd: preprocess
  insize=4297 outsize=3592 ok=1
Cmd: preprocess
  insize=7631 outsize=2417 ok=1
Cmd: preprocess
  insize=22631 outsize=1291 ok=1
Cmd: preprocess
  insize=57934 outsize=1873 ok=1
Cmd: preprocess
  insize=771 outsize=196 ok=1
Cmd: preprocess
  insize=771 outsize=196 ok=1
Cmd: preprocess
  insize=771 outsize=196 ok=1
Cmd: preprocess
  insize=771 outsize=196 ok=1
Cmd: preprocess
  insize=771 outsize=196 ok=1
Cmd: preprocess
  insize=771 outsize=196 ok=1
Cmd: preprocess
  insize=771 outsize=196 ok=1
Cmd: preprocess
  insize=771 outsize=196 ok=1
Cmd: preprocess
  insize=23548 outsize=1285 ok=1
Cmd: preprocess
  insize=4143 outsize=428 ok=1
Cmd: preprocess
  insize=3794 outsize=435 ok=1
Cmd: preprocess
  insize=4709 outsize=423 ok=1
Cmd: preprocess
  insize=4418 outsize=423 ok=1
Cmd: preprocess
  insize=771 outsize=196 ok=1
Cmd: preprocess
  insize=4765 outsize=461 ok=1
Cmd: preprocess
  insize=23656 outsize=1315 ok=1
Cmd: preprocess
  insize=3850 outsize=473 ok=1
Cmd: preprocess
  insize=4199 outsize=466 ok=1
Cmd: preprocess
  insize=4474 outsize=461 ok=1
Cmd: compileSnippet
  error: 1 plat 4 at (348): Output value 'ShadowPassVertex' is not completely initialized\nCompiling Vertex program with UNITY_PASS_SHADOWCASTER
Platform defines: UNITY_ENABLE_REFLECTION_BUFFERS UNITY_USE_DITHER_MASK_FOR_ALPHABLENDED_SHADOWS UNITY_PBS_USE_BRDF1 UNITY_SPECCUBE_BOX_PROJECTION UNITY_SPECCUBE_BLENDING UNITY_ENABLE_DETAIL_NORMALMAP SHADER_API_DESKTOP UNITY_LIGHT_PROBE_PROXY_VOLUME UNITY_LIGHTMAP_RGBM_ENCODING
  api=4 type=0 insize=7226 outsize=2070 kw=UNITY_PASS_SHADOWCASTER pd=UNITY_ENABLE_REFLECTION_BUFFERS UNITY_USE_DITHER_MASK_FOR_ALPHABLENDED_SHADOWS UNITY_PBS_USE_BRDF1 UNITY_SPECCUBE_BOX_PROJECTION UNITY_SPECCUBE_BLENDING UNITY_ENABLE_DETAIL_NORMALMAP SHADER_API_DESKTOP UNITY_LIGHT_PROBE_PROXY_VOLUME UNITY_LIGHTMAP_RGBM_ENCODING ok=1
Cmd: compileSnippet
  api=4 type=1 insize=7226 outsize=398 kw=UNITY_PASS_SHADOWCASTER pd=UNITY_ENABLE_REFLECTION_BUFFERS UNITY_USE_DITHER_MASK_FOR_ALPHABLENDED_SHADOWS UNITY_PBS_USE_BRDF1 UNITY_SPECCUBE_BOX_PROJECTION UNITY_SPECCUBE_BLENDING UNITY_ENABLE_DETAIL_NORMALMAP SHADER_API_DESKTOP UNITY_LIGHT_PROBE_PROXY_VOLUME UNITY_LIGHTMAP_RGBM_ENCODING ok=1
Cmd: preprocess
  insize=771 outsize=196 ok=1
Cmd: preprocess
  insize=3466 outsize=464 ok=1
Cmd: preprocess
  insize=771 outsize=196 ok=1
Cmd: preprocess
  insize=5172 outsize=465 ok=1
Cmd: preprocess
  insize=24124 outsize=1316 ok=1
Cmd: compileSnippet
  error: 1 plat 4 at (357): Output value 'ShadowPassVertex' is not completely initialized\nCompiling Vertex program with UNITY_PASS_SHADOWCASTER
Platform defines: UNITY_ENABLE_REFLECTION_BUFFERS UNITY_USE_DITHER_MASK_FOR_ALPHABLENDED_SHADOWS UNITY_PBS_USE_BRDF1 UNITY_SPECCUBE_BOX_PROJECTION UNITY_SPECCUBE_BLENDING UNITY_ENABLE_DETAIL_NORMALMAP SHADER_API_DESKTOP UNITY_LIGHT_PROBE_PROXY_VOLUME UNITY_LIGHTMAP_RGBM_ENCODING
  api=4 type=0 insize=7226 outsize=2070 kw=UNITY_PASS_SHADOWCASTER pd=UNITY_ENABLE_REFLECTION_BUFFERS UNITY_USE_DITHER_MASK_FOR_ALPHABLENDED_SHADOWS UNITY_PBS_USE_BRDF1 UNITY_SPECCUBE_BOX_PROJECTION UNITY_SPECCUBE_BLENDING UNITY_ENABLE_DETAIL_NORMALMAP SHADER_API_DESKTOP UNITY_LIGHT_PROBE_PROXY_VOLUME UNITY_LIGHTMAP_RGBM_ENCODING ok=1
Cmd: compileSnippet
  api=4 type=1 insize=7226 outsize=398 kw=UNITY_PASS_SHADOWCASTER pd=UNITY_ENABLE_REFLECTION_BUFFERS UNITY_USE_DITHER_MASK_FOR_ALPHABLENDED_SHADOWS UNITY_PBS_USE_BRDF1 UNITY_SPECCUBE_BOX_PROJECTION UNITY_SPECCUBE_BLENDING UNITY_ENABLE_DETAIL_NORMALMAP SHADER_API_DESKTOP UNITY_LIGHT_PROBE_PROXY_VOLUME UNITY_LIGHTMAP_RGBM_ENCODING ok=1
Cmd: preprocess
  insize=771 outsize=196 ok=1
Cmd: preprocess
  insize=771 outsize=196 ok=1
Cmd: preprocess
  insize=771 outsize=196 ok=1
Cmd: preprocess
  insize=771 outsize=196 ok=1
Cmd: preprocess
  insize=771 outsize=196 ok=1
Cmd: preprocess
  insize=771 outsize=196 ok=1
Cmd: preprocess
  insize=771 outsize=196 ok=1
Cmd: preprocess
  insize=771 outsize=196 ok=1
Cmd: preprocess
  insize=771 outsize=196 ok=1
Cmd: preprocess
  insize=771 outsize=196 ok=1
Cmd: preprocess
  insize=771 outsize=196 ok=1
Cmd: preprocess
  insize=771 outsize=196 ok=1
Cmd: preprocess
  insize=771 outsize=196 ok=1
Cmd: preprocess
  insize=24124 outsize=1316 ok=1
Cmd: preprocess
  insize=4199 outsize=466 ok=1
Cmd: preprocess
  insize=3850 outsize=473 ok=1
Cmd: preprocess
  insize=4765 outsize=461 ok=1
Cmd: preprocess
  insize=4474 outsize=461 ok=1
Cmd: preprocess
  insize=5172 outsize=465 ok=1
Cmd: preprocess
  insize=4765 outsize=461 ok=1
Cmd: preprocess
  insize=5172 outsize=465 ok=1
Cmd: preprocess
  insize=24124 outsize=1316 ok=1
Cmd: preprocess
  insize=3850 outsize=473 ok=1
Cmd: preprocess
  insize=4199 outsize=466 ok=1
Cmd: preprocess
  insize=4474 outsize=461 ok=1
Cmd: preprocess
  insize=5496 outsize=465 ok=1
Cmd: preprocess
  insize=24504 outsize=1316 ok=1
Cmd: compileSnippet
  error: 1 plat 4 at (365): Output value 'ShadowPassVertex' is not completely initialized\nCompiling Vertex program with UNITY_PASS_SHADOWCASTER
Platform defines: UNITY_ENABLE_REFLECTION_BUFFERS UNITY_USE_DITHER_MASK_FOR_ALPHABLENDED_SHADOWS UNITY_PBS_USE_BRDF1 UNITY_SPECCUBE_BOX_PROJECTION UNITY_SPECCUBE_BLENDING UNITY_ENABLE_DETAIL_NORMALMAP SHADER_API_DESKTOP UNITY_LIGHT_PROBE_PROXY_VOLUME UNITY_LIGHTMAP_RGBM_ENCODING
  api=4 type=0 insize=7226 outsize=2070 kw=UNITY_PASS_SHADOWCASTER pd=UNITY_ENABLE_REFLECTION_BUFFERS UNITY_USE_DITHER_MASK_FOR_ALPHABLENDED_SHADOWS UNITY_PBS_USE_BRDF1 UNITY_SPECCUBE_BOX_PROJECTION UNITY_SPECCUBE_BLENDING UNITY_ENABLE_DETAIL_NORMALMAP SHADER_API_DESKTOP UNITY_LIGHT_PROBE_PROXY_VOLUME UNITY_LIGHTMAP_RGBM_ENCODING ok=1
Cmd: compileSnippet
  api=4 type=1 insize=7226 outsize=398 kw=UNITY_PASS_SHADOWCASTER pd=UNITY_ENABLE_REFLECTION_BUFFERS UNITY_USE_DITHER_MASK_FOR_ALPHABLENDED_SHADOWS UNITY_PBS_USE_BRDF1 UNITY_SPECCUBE_BOX_PROJECTION UNITY_SPECCUBE_BLENDING UNITY_ENABLE_DETAIL_NORMALMAP SHADER_API_DESKTOP UNITY_LIGHT_PROBE_PROXY_VOLUME UNITY_LIGHTMAP_RGBM_ENCODING ok=1
Cmd: preprocess
  insize=771 outsize=196 ok=1
Cmd: preprocess
  insize=4162 outsize=591 ok=1
Cmd: preprocess
  insize=4132 outsize=586 ok=1
Cmd: preprocess
  insize=6316 outsize=578 ok=1
Cmd: preprocess
  insize=25372 outsize=1419 ok=1
Cmd: compileSnippet
  error: 1 plat 4 at (373): Output value 'ShadowPassVertex' is not completely initialized\nCompiling Vertex program with UNITY_PASS_SHADOWCASTER
Platform defines: UNITY_ENABLE_REFLECTION_BUFFERS UNITY_USE_DITHER_MASK_FOR_ALPHABLENDED_SHADOWS UNITY_PBS_USE_BRDF1 UNITY_SPECCUBE_BOX_PROJECTION UNITY_SPECCUBE_BLENDING UNITY_ENABLE_DETAIL_NORMALMAP SHADER_API_DESKTOP UNITY_LIGHT_PROBE_PROXY_VOLUME UNITY_LIGHTMAP_RGBM_ENCODING
  api=4 type=0 insize=7226 outsize=2070 kw=UNITY_PASS_SHADOWCASTER pd=UNITY_ENABLE_REFLECTION_BUFFERS UNITY_USE_DITHER_MASK_FOR_ALPHABLENDED_SHADOWS UNITY_PBS_USE_BRDF1 UNITY_SPECCUBE_BOX_PROJECTION UNITY_SPECCUBE_BLENDING UNITY_ENABLE_DETAIL_NORMALMAP SHADER_API_DESKTOP UNITY_LIGHT_PROBE_PROXY_VOLUME UNITY_LIGHTMAP_RGBM_ENCODING ok=1
Cmd: compileSnippet
  api=4 type=1 insize=7226 outsize=398 kw=UNITY_PASS_SHADOWCASTER pd=UNITY_ENABLE_REFLECTION_BUFFERS UNITY_USE_DITHER_MASK_FOR_ALPHABLENDED_SHADOWS UNITY_PBS_USE_BRDF1 UNITY_SPECCUBE_BOX_PROJECTION UNITY_SPECCUBE_BLENDING UNITY_ENABLE_DETAIL_NORMALMAP SHADER_API_DESKTOP UNITY_LIGHT_PROBE_PROXY_VOLUME UNITY_LIGHTMAP_RGBM_ENCODING ok=1
Cmd: preprocess
  insize=24262 outsize=1427 ok=1
Cmd: compileSnippet
  api=4 type=0 insize=10421 outsize=1906 kw= pd=UNITY_ENABLE_REFLECTION_BUFFERS UNITY_USE_DITHER_MASK_FOR_ALPHABLENDED_SHADOWS UNITY_PBS_USE_BRDF1 UNITY_SPECCUBE_BOX_PROJECTION UNITY_SPECCUBE_BLENDING UNITY_ENABLE_DETAIL_NORMALMAP SHADER_API_DESKTOP UNITY_LIGHT_PROBE_PROXY_VOLUME UNITY_LIGHTMAP_RGBM_ENCODING ok=1
Cmd: compileSnippet
  api=4 type=1 insize=10421 outsize=830 kw= pd=UNITY_ENABLE_REFLECTION_BUFFERS UNITY_USE_DITHER_MASK_FOR_ALPHABLENDED_SHADOWS UNITY_PBS_USE_BRDF1 UNITY_SPECCUBE_BOX_PROJECTION UNITY_SPECCUBE_BLENDING UNITY_ENABLE_DETAIL_NORMALMAP SHADER_API_DESKTOP UNITY_LIGHT_PROBE_PROXY_VOLUME UNITY_LIGHTMAP_RGBM_ENCODING ok=1
Cmd: compileSnippet
  error: 1 plat 4 at (360): Output value 'ShadowPassVertex' is not completely initialized\nCompiling Vertex program with UNITY_PASS_SHADOWCASTER
Platform defines: UNITY_ENABLE_REFLECTION_BUFFERS UNITY_USE_DITHER_MASK_FOR_ALPHABLENDED_SHADOWS UNITY_PBS_USE_BRDF1 UNITY_SPECCUBE_BOX_PROJECTION UNITY_SPECCUBE_BLENDING UNITY_ENABLE_DETAIL_NORMALMAP SHADER_API_DESKTOP UNITY_LIGHT_PROBE_PROXY_VOLUME UNITY_LIGHTMAP_RGBM_ENCODING
  api=4 type=0 insize=6994 outsize=2070 kw=UNITY_PASS_SHADOWCASTER pd=UNITY_ENABLE_REFLECTION_BUFFERS UNITY_USE_DITHER_MASK_FOR_ALPHABLENDED_SHADOWS UNITY_PBS_USE_BRDF1 UNITY_SPECCUBE_BOX_PROJECTION UNITY_SPECCUBE_BLENDING UNITY_ENABLE_DETAIL_NORMALMAP SHADER_API_DESKTOP UNITY_LIGHT_PROBE_PROXY_VOLUME UNITY_LIGHTMAP_RGBM_ENCODING ok=1
Cmd: compileSnippet
  api=4 type=1 insize=6994 outsize=398 kw=UNITY_PASS_SHADOWCASTER pd=UNITY_ENABLE_REFLECTION_BUFFERS UNITY_USE_DITHER_MASK_FOR_ALPHABLENDED_SHADOWS UNITY_PBS_USE_BRDF1 UNITY_SPECCUBE_BOX_PROJECTION UNITY_SPECCUBE_BLENDING UNITY_ENABLE_DETAIL_NORMALMAP SHADER_API_DESKTOP UNITY_LIGHT_PROBE_PROXY_VOLUME UNITY_LIGHTMAP_RGBM_ENCODING ok=1
Cmd: compileSnippet
  api=4 type=0 insize=6428 outsize=1882 kw= pd=UNITY_ENABLE_REFLECTION_BUFFERS UNITY_USE_DITHER_MASK_FOR_ALPHABLENDED_SHADOWS UNITY_PBS_USE_BRDF1 UNITY_SPECCUBE_BOX_PROJECTION UNITY_SPECCUBE_BLENDING UNITY_ENABLE_DETAIL_NORMALMAP SHADER_API_DESKTOP UNITY_LIGHT_PROBE_PROXY_VOLUME UNITY_LIGHTMAP_RGBM_ENCODING ok=1
Cmd: compileSnippet
  api=4 type=1 insize=6428 outsize=398 kw= pd=UNITY_ENABLE_REFLECTION_BUFFERS UNITY_USE_DITHER_MASK_FOR_ALPHABLENDED_SHADOWS UNITY_PBS_USE_BRDF1 UNITY_SPECCUBE_BOX_PROJECTION UNITY_SPECCUBE_BLENDING UNITY_ENABLE_DETAIL_NORMALMAP SHADER_API_DESKTOP UNITY_LIGHT_PROBE_PROXY_VOLUME UNITY_LIGHTMAP_RGBM_ENCODING ok=1
Cmd: preprocess
  insize=24262 outsize=1427 ok=1
Cmd: compileSnippet
  api=4 type=0 insize=10421 outsize=1906 kw= pd=UNITY_ENABLE_REFLECTION_BUFFERS UNITY_USE_DITHER_MASK_FOR_ALPHABLENDED_SHADOWS UNITY_PBS_USE_BRDF1 UNITY_SPECCUBE_BOX_PROJECTION UNITY_SPECCUBE_BLENDING UNITY_ENABLE_DETAIL_NORMALMAP SHADER_API_DESKTOP UNITY_LIGHT_PROBE_PROXY_VOLUME UNITY_LIGHTMAP_RGBM_ENCODING ok=1
Cmd: compileSnippet
  api=4 type=1 insize=10421 outsize=830 kw= pd=UNITY_ENABLE_REFLECTION_BUFFERS UNITY_USE_DITHER_MASK_FOR_ALPHABLENDED_SHADOWS UNITY_PBS_USE_BRDF1 UNITY_SPECCUBE_BOX_PROJECTION UNITY_SPECCUBE_BLENDING UNITY_ENABLE_DETAIL_NORMALMAP SHADER_API_DESKTOP UNITY_LIGHT_PROBE_PROXY_VOLUME UNITY_LIGHTMAP_RGBM_ENCODING ok=1
Cmd: preprocess
  insize=771 outsize=196 ok=1
Cmd: preprocess
  insize=771 outsize=196 ok=1
Cmd: preprocess
  insize=771 outsize=196 ok=1
Cmd: preprocess
  insize=771 outsize=196 ok=1
Cmd: preprocess
  insize=771 outsize=196 ok=1
Cmd: preprocess
  insize=771 outsize=196 ok=1
Cmd: preprocess
  insize=771 outsize=196 ok=1
Cmd: preprocess
  insize=771 outsize=196 ok=1
Cmd: preprocess
  insize=771 outsize=196 ok=1
Cmd: preprocess
  insize=771 outsize=196 ok=1
Cmd: preprocess
  insize=771 outsize=196 ok=1
Cmd: preprocess
  insize=771 outsize=196 ok=1
Cmd: preprocess
  insize=771 outsize=196 ok=1
Cmd: preprocess
  insize=25372 outsize=1419 ok=1
Cmd: preprocess
  insize=4199 outsize=466 ok=1
Cmd: preprocess
  insize=3850 outsize=473 ok=1
Cmd: preprocess
  insize=4765 outsize=461 ok=1
Cmd: preprocess
  insize=4474 outsize=461 ok=1
Cmd: preprocess
  insize=6316 outsize=578 ok=1
Cmd: preprocess
  insize=4132 outsize=586 ok=1
Cmd: preprocess
  insize=6316 outsize=578 ok=1
Cmd: preprocess
  insize=25372 outsize=1419 ok=1
Cmd: preprocess
  insize=4765 outsize=461 ok=1
Cmd: preprocess
  insize=3850 outsize=473 ok=1
Cmd: preprocess
  insize=4199 outsize=466 ok=1
Cmd: preprocess
  insize=4474 outsize=461 ok=1
Cmd: preprocess
  insize=771 outsize=196 ok=1
Cmd: preprocess
  insize=771 outsize=196 ok=1
Cmd: preprocess
  insize=771 outsize=196 ok=1
Cmd: preprocess
  insize=771 outsize=196 ok=1
Cmd: preprocess
  insize=771 outsize=196 ok=1
Cmd: preprocess
  insize=771 outsize=196 ok=1
Cmd: preprocess
  insize=771 outsize=196 ok=1
Cmd: preprocess
  insize=771 outsize=196 ok=1
Cmd: preprocess
  insize=771 outsize=196 ok=1
Cmd: preprocess
  insize=771 outsize=196 ok=1
Cmd: preprocess
  insize=771 outsize=196 ok=1
Cmd: preprocess
  insize=771 outsize=196 ok=1
Cmd: preprocess
  insize=771 outsize=196 ok=1
Cmd: preprocess
  insize=25372 outsize=1419 ok=1
Cmd: preprocess
  insize=4199 outsize=466 ok=1
Cmd: preprocess
  insize=3850 outsize=473 ok=1
Cmd: preprocess
  insize=4765 outsize=461 ok=1
Cmd: preprocess
  insize=4474 outsize=461 ok=1
Cmd: preprocess
  insize=6316 outsize=578 ok=1
Cmd: preprocess
  insize=4132 outsize=586 ok=1
Cmd: preprocess
  insize=6316 outsize=578 ok=1
Cmd: preprocess
  insize=25372 outsize=1419 ok=1
Cmd: preprocess
  insize=4765 outsize=461 ok=1
Cmd: preprocess
  insize=3850 outsize=473 ok=1
Cmd: preprocess
  insize=4199 outsize=466 ok=1
Cmd: preprocess
  insize=4474 outsize=461 ok=1
Cmd: preprocess
  insize=771 outsize=196 ok=1
Cmd: preprocess
  insize=771 outsize=196 ok=1
Cmd: preprocess
  insize=771 outsize=196 ok=1
Cmd: preprocess
  insize=771 outsize=196 ok=1
Cmd: preprocess
  insize=771 outsize=196 ok=1
Cmd: preprocess
  insize=771 outsize=196 ok=1
Cmd: preprocess
  insize=771 outsize=196 ok=1
Cmd: preprocess
  insize=771 outsize=196 ok=1
Cmd: preprocess
  insize=771 outsize=196 ok=1
Cmd: preprocess
  insize=771 outsize=196 ok=1
Cmd: preprocess
  insize=771 outsize=196 ok=1
Cmd: preprocess
  insize=771 outsize=196 ok=1
Cmd: preprocess
  insize=771 outsize=196 ok=1
Cmd: preprocess
  insize=25372 outsize=1419 ok=1
Cmd: preprocess
  insize=4199 outsize=466 ok=1
Cmd: preprocess
  insize=3850 outsize=473 ok=1
Cmd: preprocess
  insize=4765 outsize=461 ok=1
Cmd: preprocess
  insize=4474 outsize=461 ok=1
Cmd: preprocess
  insize=6316 outsize=578 ok=1
Cmd: preprocess
  insize=4132 outsize=586 ok=1
Cmd: preprocess
  insize=6316 outsize=578 ok=1
Cmd: preprocess
  insize=25372 outsize=1419 ok=1
Cmd: preprocess
  insize=4765 outsize=461 ok=1
Cmd: preprocess
  insize=3850 outsize=473 ok=1
Cmd: preprocess
  insize=4199 outsize=466 ok=1
Cmd: preprocess
  insize=4474 outsize=461 ok=1
Cmd: preprocess
  insize=771 outsize=196 ok=1
Cmd: preprocess
  insize=771 outsize=196 ok=1
Cmd: preprocess
  insize=771 outsize=196 ok=1
Cmd: preprocess
  insize=771 outsize=196 ok=1
Cmd: preprocess
  insize=771 outsize=196 ok=1
Cmd: preprocess
  insize=771 outsize=196 ok=1
Cmd: preprocess
  insize=771 outsize=196 ok=1
Cmd: preprocess
  insize=771 outsize=196 ok=1
Cmd: preprocess
  insize=771 outsize=196 ok=1
Cmd: preprocess
  insize=771 outsize=196 ok=1
Cmd: preprocess
  insize=771 outsize=196 ok=1
Cmd: preprocess
  insize=771 outsize=196 ok=1
Cmd: preprocess
  insize=771 outsize=196 ok=1
Cmd: preprocess
  insize=25372 outsize=1419 ok=1
Cmd: preprocess
  insize=4199 outsize=466 ok=1
Cmd: preprocess
  insize=3850 outsize=473 ok=1
Cmd: preprocess
  insize=4765 outsize=461 ok=1
Cmd: preprocess
  insize=4474 outsize=461 ok=1
Cmd: preprocess
  insize=6316 outsize=578 ok=1
Cmd: preprocess
  insize=4132 outsize=586 ok=1
Cmd: preprocess
  insize=6316 outsize=578 ok=1
Cmd: preprocess
  insize=25372 outsize=1419 ok=1
Cmd: preprocess
  insize=4765 outsize=461 ok=1
Cmd: preprocess
  insize=3850 outsize=473 ok=1
Cmd: preprocess
  insize=4199 outsize=466 ok=1
Cmd: preprocess
  insize=4474 outsize=461 ok=1
Cmd: preprocess
  insize=771 outsize=196 ok=1
Cmd: preprocess
  insize=771 outsize=196 ok=1
Cmd: preprocess
  insize=771 outsize=196 ok=1
Cmd: preprocess
  insize=771 outsize=196 ok=1
Cmd: preprocess
  insize=771 outsize=196 ok=1
Cmd: preprocess
  insize=771 outsize=196 ok=1
Cmd: preprocess
  insize=771 outsize=196 ok=1
Cmd: preprocess
  insize=771 outsize=196 ok=1
Cmd: preprocess
  insize=771 outsize=196 ok=1
Cmd: preprocess
  insize=771 outsize=196 ok=1
Cmd: preprocess
  insize=771 outsize=196 ok=1
Cmd: preprocess
  insize=771 outsize=196 ok=1
Cmd: preprocess
  insize=771 outsize=196 ok=1
Cmd: preprocess
  insize=25372 outsize=1419 ok=1
Cmd: preprocess
  insize=4199 outsize=466 ok=1
Cmd: preprocess
  insize=3850 outsize=473 ok=1
Cmd: preprocess
  insize=4765 outsize=461 ok=1
Cmd: preprocess
  insize=4474 outsize=461 ok=1
Cmd: preprocess
  insize=6316 outsize=578 ok=1
Cmd: preprocess
  insize=4132 outsize=586 ok=1
Cmd: preprocess
  insize=6316 outsize=578 ok=1
Cmd: preprocess
  insize=25372 outsize=1419 ok=1
Cmd: preprocess
  insize=4765 outsize=461 ok=1
Cmd: preprocess
  insize=3850 outsize=473 ok=1
Cmd: preprocess
  insize=4199 outsize=466 ok=1
Cmd: preprocess
  insize=4474 outsize=461 ok=1
Cmd: preprocess
  insize=771 outsize=196 ok=1
Cmd: preprocess
  insize=771 outsize=196 ok=1
Cmd: preprocess
  insize=771 outsize=196 ok=1
Cmd: preprocess
  insize=771 outsize=196 ok=1
Cmd: preprocess
  insize=771 outsize=196 ok=1
Cmd: preprocess
  insize=771 outsize=196 ok=1
Cmd: preprocess
  insize=771 outsize=196 ok=1
Cmd: preprocess
  insize=771 outsize=196 ok=1
Cmd: preprocess
  insize=771 outsize=196 ok=1
Cmd: preprocess
  insize=771 outsize=196 ok=1
Cmd: preprocess
  insize=771 outsize=196 ok=1
Cmd: preprocess
  insize=771 outsize=196 ok=1
Cmd: preprocess
  insize=771 outsize=196 ok=1
Cmd: preprocess
  insize=25372 outsize=1419 ok=1
Cmd: preprocess
  insize=4199 outsize=466 ok=1
Cmd: preprocess
  insize=3850 outsize=473 ok=1
Cmd: preprocess
  insize=4765 outsize=461 ok=1
Cmd: preprocess
  insize=4474 outsize=461 ok=1
Cmd: preprocess
  insize=6316 outsize=578 ok=1
Cmd: preprocess
  insize=4132 outsize=586 ok=1
Cmd: preprocess
  insize=6316 outsize=578 ok=1
Cmd: preprocess
  insize=25372 outsize=1419 ok=1
Cmd: preprocess
  insize=4765 outsize=461 ok=1
Cmd: preprocess
  insize=3850 outsize=473 ok=1
Cmd: preprocess
  insize=4199 outsize=466 ok=1
Cmd: preprocess
  insize=4474 outsize=461 ok=1
Cmd: preprocess
  insize=771 outsize=196 ok=1
Cmd: preprocess
  insize=771 outsize=196 ok=1
Cmd: preprocess
  insize=771 outsize=196 ok=1
Cmd: preprocess
  insize=771 outsize=196 ok=1
Cmd: preprocess
  insize=771 outsize=196 ok=1
Cmd: preprocess
  insize=771 outsize=196 ok=1
Cmd: preprocess
  insize=771 outsize=196 ok=1
Cmd: preprocess
  insize=771 outsize=196 ok=1
Cmd: preprocess
  insize=771 outsize=196 ok=1
Cmd: preprocess
  insize=771 outsize=196 ok=1
Cmd: preprocess
  insize=771 outsize=196 ok=1
Cmd: preprocess
  insize=771 outsize=196 ok=1
Cmd: preprocess
  insize=771 outsize=196 ok=1
Cmd: preprocess
  insize=25372 outsize=1419 ok=1
Cmd: preprocess
  insize=4199 outsize=466 ok=1
Cmd: preprocess
  insize=3850 outsize=473 ok=1
Cmd: preprocess
  insize=4765 outsize=461 ok=1
Cmd: preprocess
  insize=4474 outsize=461 ok=1
Cmd: preprocess
  insize=6316 outsize=578 ok=1
Cmd: preprocess
  insize=4132 outsize=586 ok=1
Cmd: preprocess
  insize=6316 outsize=578 ok=1
Cmd: preprocess
  insize=25372 outsize=1419 ok=1
Cmd: preprocess
  insize=4765 outsize=461 ok=1
Cmd: preprocess
  insize=3850 outsize=473 ok=1
Cmd: preprocess
  insize=4199 outsize=466 ok=1
Cmd: preprocess
  insize=4474 outsize=461 ok=1
Cmd: preprocess
  insize=771 outsize=196 ok=1
Cmd: preprocess
  insize=771 outsize=196 ok=1
Cmd: preprocess
  insize=771 outsize=196 ok=1
Cmd: preprocess
  insize=771 outsize=196 ok=1
Cmd: preprocess
  insize=771 outsize=196 ok=1
Cmd: preprocess
  insize=771 outsize=196 ok=1
Cmd: preprocess
  insize=771 outsize=196 ok=1
Cmd: preprocess
  insize=771 outsize=196 ok=1
Cmd: preprocess
  insize=771 outsize=196 ok=1
Cmd: preprocess
  insize=771 outsize=196 ok=1
Cmd: preprocess
  insize=771 outsize=196 ok=1
Cmd: preprocess
  insize=771 outsize=196 ok=1
Cmd: preprocess
  insize=771 outsize=196 ok=1
Cmd: preprocess
  insize=25372 outsize=1419 ok=1
Cmd: preprocess
  insize=4199 outsize=466 ok=1
Cmd: preprocess
  insize=3850 outsize=473 ok=1
Cmd: preprocess
  insize=4765 outsize=461 ok=1
Cmd: preprocess
  insize=4474 outsize=461 ok=1
Cmd: preprocess
  insize=6316 outsize=578 ok=1
Cmd: preprocess
  insize=4132 outsize=586 ok=1
Cmd: preprocess
  insize=6316 outsize=578 ok=1
Cmd: preprocess
  insize=25372 outsize=1419 ok=1
Cmd: preprocess
  insize=4765 outsize=461 ok=1
Cmd: preprocess
  insize=3850 outsize=473 ok=1
Cmd: preprocess
  insize=4199 outsize=466 ok=1
Cmd: preprocess
  insize=4474 outsize=461 ok=1
Cmd: preprocess
  insize=771 outsize=196 ok=1
Cmd: preprocess
  insize=771 outsize=196 ok=1
Cmd: preprocess
  insize=771 outsize=196 ok=1
Cmd: preprocess
  insize=771 outsize=196 ok=1
Cmd: preprocess
  insize=771 outsize=196 ok=1
Cmd: preprocess
  insize=771 outsize=196 ok=1
Cmd: preprocess
  insize=771 outsize=196 ok=1
Cmd: preprocess
  insize=771 outsize=196 ok=1
Cmd: preprocess
  insize=771 outsize=196 ok=1
Cmd: preprocess
  insize=771 outsize=196 ok=1
Cmd: preprocess
  insize=771 outsize=196 ok=1
Cmd: preprocess
  insize=771 outsize=196 ok=1
Cmd: preprocess
  insize=771 outsize=196 ok=1
Cmd: preprocess
  insize=25372 outsize=1419 ok=1
Cmd: preprocess
  insize=4199 outsize=466 ok=1
Cmd: preprocess
  insize=3850 outsize=473 ok=1
Cmd: preprocess
  insize=4765 outsize=461 ok=1
Cmd: preprocess
  insize=4474 outsize=461 ok=1
Cmd: preprocess
  insize=6316 outsize=578 ok=1
Cmd: preprocess
  insize=4132 outsize=586 ok=1
Cmd: preprocess
  insize=6316 outsize=578 ok=1
Cmd: preprocess
  insize=25372 outsize=1419 ok=1
Cmd: preprocess
  insize=4765 outsize=461 ok=1
Cmd: preprocess
  insize=3850 outsize=473 ok=1
Cmd: preprocess
  insize=4199 outsize=466 ok=1
Cmd: preprocess
  insize=4474 outsize=461 ok=1
Cmd: preprocess
  insize=771 outsize=196 ok=1
Cmd: preprocess
  insize=771 outsize=196 ok=1
Cmd: preprocess
  insize=771 outsize=196 ok=1
Cmd: preprocess
  insize=771 outsize=196 ok=1
Cmd: preprocess
  insize=771 outsize=196 ok=1
Cmd: preprocess
  insize=771 outsize=196 ok=1
Cmd: preprocess
  insize=771 outsize=196 ok=1
Cmd: preprocess
  insize=771 outsize=196 ok=1
Cmd: preprocess
  insize=771 outsize=196 ok=1
Cmd: preprocess
  insize=771 outsize=196 ok=1
Cmd: preprocess
  insize=771 outsize=196 ok=1
Cmd: preprocess
  insize=771 outsize=196 ok=1
Cmd: preprocess
  insize=771 outsize=196 ok=1
Cmd: preprocess
  insize=25372 outsize=1419 ok=1
Cmd: preprocess
  insize=4199 outsize=466 ok=1
Cmd: preprocess
  insize=3850 outsize=473 ok=1
Cmd: preprocess
  insize=4765 outsize=461 ok=1
Cmd: preprocess
  insize=4474 outsize=461 ok=1
Cmd: preprocess
  insize=6316 outsize=578 ok=1
Cmd: preprocess
  insize=4132 outsize=586 ok=1
Cmd: preprocess
  insize=6316 outsize=578 ok=1
Cmd: preprocess
  insize=25372 outsize=1419 ok=1
Cmd: preprocess
  insize=4765 outsize=461 ok=1
Cmd: preprocess
  insize=3850 outsize=473 ok=1
Cmd: preprocess
  insize=4199 outsize=466 ok=1
Cmd: preprocess
  insize=4474 outsize=461 ok=1
Cmd: preprocess
  insize=771 outsize=196 ok=1
Cmd: preprocess
  insize=771 outsize=196 ok=1
Cmd: preprocess
  insize=771 outsize=196 ok=1
Cmd: preprocess
  insize=771 outsize=196 ok=1
Cmd: preprocess
  insize=771 outsize=196 ok=1
Cmd: preprocess
  insize=771 outsize=196 ok=1
Cmd: preprocess
  insize=771 outsize=196 ok=1
Cmd: preprocess
  insize=771 outsize=196 ok=1
Cmd: preprocess
  insize=771 outsize=196 ok=1
Cmd: preprocess
  insize=771 outsize=196 ok=1
Cmd: preprocess
  insize=771 outsize=196 ok=1
Cmd: preprocess
  insize=771 outsize=196 ok=1
Cmd: preprocess
  insize=771 outsize=196 ok=1
Cmd: preprocess
  insize=25372 outsize=1419 ok=1
Cmd: preprocess
  insize=4199 outsize=466 ok=1
Cmd: preprocess
  insize=3850 outsize=473 ok=1
Cmd: preprocess
  insize=4765 outsize=461 ok=1
Cmd: preprocess
  insize=4474 outsize=461 ok=1
Cmd: preprocess
  insize=6316 outsize=578 ok=1
Cmd: preprocess
  insize=4132 outsize=586 ok=1
Cmd: preprocess
  insize=6316 outsize=578 ok=1
Cmd: preprocess
  insize=25372 outsize=1419 ok=1
Cmd: preprocess
  insize=4765 outsize=461 ok=1
Cmd: preprocess
  insize=3850 outsize=473 ok=1
Cmd: preprocess
  insize=4199 outsize=466 ok=1
Cmd: preprocess
  insize=4474 outsize=461 ok=1
Cmd: preprocess
  insize=771 outsize=196 ok=1
Cmd: preprocess
  insize=771 outsize=196 ok=1
Cmd: preprocess
  insize=771 outsize=196 ok=1
Cmd: preprocess
  insize=771 outsize=196 ok=1
Cmd: preprocess
  insize=771 outsize=196 ok=1
Cmd: preprocess
  insize=771 outsize=196 ok=1
Cmd: preprocess
  insize=771 outsize=196 ok=1
Cmd: preprocess
  insize=771 outsize=196 ok=1
Cmd: preprocess
  insize=771 outsize=196 ok=1
Cmd: preprocess
  insize=771 outsize=196 ok=1
Cmd: preprocess
  insize=771 outsize=196 ok=1
Cmd: preprocess
  insize=771 outsize=196 ok=1
Cmd: preprocess
  insize=771 outsize=196 ok=1
Cmd: preprocess
  insize=25372 outsize=1419 ok=1
Cmd: preprocess
  insize=4199 outsize=466 ok=1
Cmd: preprocess
  insize=3850 outsize=473 ok=1
Cmd: preprocess
  insize=4765 outsize=461 ok=1
Cmd: preprocess
  insize=4474 outsize=461 ok=1
Cmd: preprocess
  insize=6316 outsize=578 ok=1
Cmd: preprocess
  insize=4132 outsize=586 ok=1
Cmd: preprocess
  insize=6316 outsize=578 ok=1
Cmd: preprocess
  insize=25372 outsize=1419 ok=1
Cmd: preprocess
  insize=4765 outsize=461 ok=1
Cmd: preprocess
  insize=3850 outsize=473 ok=1
Cmd: preprocess
  insize=4199 outsize=466 ok=1
Cmd: preprocess
  insize=4474 outsize=461 ok=1
Cmd: preprocess
  insize=771 outsize=196 ok=1
Cmd: preprocess
  insize=771 outsize=196 ok=1
Cmd: preprocess
  insize=771 outsize=196 ok=1
Cmd: preprocess
  insize=771 outsize=196 ok=1
Cmd: preprocess
  insize=771 outsize=196 ok=1
Cmd: preprocess
  insize=771 outsize=196 ok=1
Cmd: preprocess
  insize=771 outsize=196 ok=1
Cmd: preprocess
  insize=771 outsize=196 ok=1
Cmd: preprocess
  insize=771 outsize=196 ok=1
Cmd: preprocess
  insize=771 outsize=196 ok=1
Cmd: preprocess
  insize=771 outsize=196 ok=1
Cmd: preprocess
  insize=771 outsize=196 ok=1
Cmd: preprocess
  insize=771 outsize=196 ok=1
Cmd: preprocess
  insize=25372 outsize=1419 ok=1
Cmd: preprocess
  insize=4199 outsize=466 ok=1
Cmd: preprocess
  insize=3850 outsize=473 ok=1
Cmd: preprocess
  insize=4765 outsize=461 ok=1
Cmd: preprocess
  insize=4474 outsize=461 ok=1
Cmd: preprocess
  insize=6316 outsize=578 ok=1
Cmd: preprocess
  insize=4132 outsize=586 ok=1
Cmd: preprocess
  insize=6316 outsize=578 ok=1
Cmd: preprocess
  insize=25372 outsize=1419 ok=1
Cmd: preprocess
  insize=4765 outsize=461 ok=1
Cmd: preprocess
  insize=3850 outsize=473 ok=1
Cmd: preprocess
  insize=4199 outsize=466 ok=1
Cmd: preprocess
  insize=4474 outsize=461 ok=1
Cmd: preprocess
  insize=771 outsize=196 ok=1
Cmd: preprocess
  insize=771 outsize=196 ok=1
Cmd: preprocess
  insize=771 outsize=196 ok=1
Cmd: preprocess
  insize=771 outsize=196 ok=1
Cmd: preprocess
  insize=771 outsize=196 ok=1
Cmd: preprocess
  insize=771 outsize=196 ok=1
Cmd: preprocess
  insize=771 outsize=196 ok=1
Cmd: preprocess
  insize=771 outsize=196 ok=1
Cmd: preprocess
  insize=771 outsize=196 ok=1
Cmd: preprocess
  insize=771 outsize=196 ok=1
Cmd: preprocess
  insize=771 outsize=196 ok=1
Cmd: preprocess
  insize=771 outsize=196 ok=1
Cmd: preprocess
  insize=771 outsize=196 ok=1
Cmd: preprocess
  insize=25372 outsize=1419 ok=1
Cmd: preprocess
  insize=4199 outsize=466 ok=1
Cmd: preprocess
  insize=3850 outsize=473 ok=1
Cmd: preprocess
  insize=4765 outsize=461 ok=1
Cmd: preprocess
  insize=4474 outsize=461 ok=1
Cmd: preprocess
  insize=6316 outsize=578 ok=1
Cmd: preprocess
  insize=4132 outsize=586 ok=1
Cmd: preprocess
  insize=6316 outsize=578 ok=1
Cmd: preprocess
  insize=25372 outsize=1419 ok=1
Cmd: preprocess
  insize=4765 outsize=461 ok=1
Cmd: preprocess
  insize=3850 outsize=473 ok=1
Cmd: preprocess
  insize=4199 outsize=466 ok=1
Cmd: preprocess
  insize=4474 outsize=461 ok=1

Quitting shader compiler process
